<?xml version="1.0" encoding="UTF-8"?>
<!-- Generated by org.testng.reporters.JUnitXMLReporter -->
<testsuite hostname="THINARMOR" name="test2" tests="1" failures="0" timestamp="23 Oct 2013 18:16:23 GMT" time="0.004" errors="0">
  <testcase name="@BeforeTest isLoggedIn" time="0.0" classname="TestNG.TestTwo">
    <skipped/>
  </testcase> <!-- @BeforeTest isLoggedIn -->
  <testcase name="sellItems" time="0.0" classname="TestNG.TestTwo">
    <skipped/>
  </testcase> <!-- sellItems -->
</testsuite> <!-- test2 -->
