<?xml version="1.0" encoding="UTF-8"?>
<!-- Generated by org.testng.reporters.JUnitXMLReporter -->
<testsuite hostname="THINARMOR" name="TestNG" tests="3" failures="0" timestamp="3 Oct 2013 22:46:14 GMT" time="0.037" errors="0">
  <testcase name="@BeforeTest isLoggedIn" time="0.0" classname="TestNG.TestOne">
    <skipped/>
  </testcase> <!-- @BeforeTest isLoggedIn -->
  <testcase name="@BeforeMethod openBrowser" time="0.0" classname="TestNG.TestOne">
    <skipped/>
  </testcase> <!-- @BeforeMethod openBrowser -->
  <testcase name="@AfterMethod closBrowser" time="0.0" classname="TestNG.TestOne">
    <skipped/>
  </testcase> <!-- @AfterMethod closBrowser -->
  <testcase name="@BeforeMethod openBrowser" time="0.0" classname="TestNG.TestOne">
    <skipped/>
  </testcase> <!-- @BeforeMethod openBrowser -->
  <testcase name="@AfterMethod closBrowser" time="0.0" classname="TestNG.TestOne">
    <skipped/>
  </testcase> <!-- @AfterMethod closBrowser -->
  <testcase name="@AfterTest closeConnection" time="0.0" classname="TestNG.TestOne">
    <skipped/>
  </testcase> <!-- @AfterTest closeConnection -->
  <testcase name="accountLogin" time="0.001" classname="TestNG.TestOne">
    <skipped/>
  </testcase> <!-- accountLogin -->
  <testcase name="registerAccount" time="0.0" classname="TestNG.TestOne">
    <skipped/>
  </testcase> <!-- registerAccount -->
  <testcase name="sellItems" time="0.001" classname="TestNG.TestTwo">
    <skipped/>
  </testcase> <!-- sellItems -->
</testsuite> <!-- TestNG -->
